{"name":"hexo","hostname":"CYKJdeMacBook-Pro.local","pid":16822,"level":20,"msg":"Writing database to /Users/cykj/Desktop/Blog/myBlog/db.json","time":"2019-05-21T01:25:09.610Z","v":0}
{"name":"hexo","hostname":"CYKJdeMacBook-Pro.local","pid":16822,"level":20,"msg":"Hexo version: \u001b[35m3.8.0\u001b[39m","time":"2019-05-21T01:25:09.627Z","v":0}
{"name":"hexo","hostname":"CYKJdeMacBook-Pro.local","pid":16822,"level":20,"msg":"Working directory: \u001b[35m~/Desktop/Blog/myBlog/\u001b[39m","time":"2019-05-21T01:25:09.627Z","v":0}
{"name":"hexo","hostname":"CYKJdeMacBook-Pro.local","pid":16822,"level":20,"msg":"Config loaded: \u001b[35m~/Desktop/Blog/myBlog/_config.yml\u001b[39m","time":"2019-05-21T01:25:09.771Z","v":0}
{"name":"hexo","hostname":"CYKJdeMacBook-Pro.local","pid":16822,"level":20,"msg":"Plugin loaded: \u001b[35mhexo-generator-archive\u001b[39m","time":"2019-05-21T01:25:09.788Z","v":0}
{"name":"hexo","hostname":"CYKJdeMacBook-Pro.local","pid":16822,"level":20,"msg":"Plugin loaded: \u001b[35mhexo-generator-category\u001b[39m","time":"2019-05-21T01:25:09.791Z","v":0}
{"name":"hexo","hostname":"CYKJdeMacBook-Pro.local","pid":16822,"level":20,"msg":"Plugin loaded: \u001b[35mhexo-deployer-git\u001b[39m","time":"2019-05-21T01:25:09.852Z","v":0}
{"name":"hexo","hostname":"CYKJdeMacBook-Pro.local","pid":16822,"level":20,"msg":"Plugin loaded: \u001b[35mhexo-generator-index\u001b[39m","time":"2019-05-21T01:25:09.854Z","v":0}
{"name":"hexo","hostname":"CYKJdeMacBook-Pro.local","pid":16822,"level":20,"msg":"Plugin loaded: \u001b[35mhexo-renderer-jade\u001b[39m","time":"2019-05-21T01:25:10.093Z","v":0}
{"name":"hexo","hostname":"CYKJdeMacBook-Pro.local","pid":16822,"level":20,"msg":"Plugin loaded: \u001b[35mhexo-renderer-ejs\u001b[39m","time":"2019-05-21T01:25:10.099Z","v":0}
{"name":"hexo","hostname":"CYKJdeMacBook-Pro.local","pid":16822,"level":20,"msg":"Plugin loaded: \u001b[35mhexo-renderer-marked\u001b[39m","time":"2019-05-21T01:25:10.105Z","v":0}
{"name":"hexo","hostname":"CYKJdeMacBook-Pro.local","pid":16822,"level":20,"msg":"Plugin loaded: \u001b[35mhexo-generator-tag\u001b[39m","time":"2019-05-21T01:25:10.106Z","v":0}
{"name":"hexo","hostname":"CYKJdeMacBook-Pro.local","pid":16822,"level":20,"msg":"Plugin loaded: \u001b[35mhexo-server\u001b[39m","time":"2019-05-21T01:25:10.172Z","v":0}
{"name":"hexo","hostname":"CYKJdeMacBook-Pro.local","pid":16822,"level":20,"msg":"Plugin loaded: \u001b[35mhexo-renderer-stylus\u001b[39m","time":"2019-05-21T01:25:10.174Z","v":0}
{"name":"hexo","hostname":"CYKJdeMacBook-Pro.local","pid":16822,"level":20,"msg":"Loading database.","time":"2019-05-21T01:25:10.180Z","v":0}
{"name":"hexo","hostname":"CYKJdeMacBook-Pro.local","pid":16822,"level":30,"msg":"Start processing","time":"2019-05-21T01:25:10.188Z","v":0}
{"name":"hexo","hostname":"CYKJdeMacBook-Pro.local","pid":16822,"level":20,"msg":"Processed: \u001b[35msource/apple-touch-icon.png\u001b[39m","time":"2019-05-21T01:25:10.239Z","v":0}
{"name":"hexo","hostname":"CYKJdeMacBook-Pro.local","pid":16822,"level":20,"msg":"Processed: \u001b[35msource/favicon.ico\u001b[39m","time":"2019-05-21T01:25:10.239Z","v":0}
{"name":"hexo","hostname":"CYKJdeMacBook-Pro.local","pid":16822,"level":20,"msg":"Theme config loaded.","time":"2019-05-21T01:25:10.249Z","v":0}
{"name":"hexo","hostname":"CYKJdeMacBook-Pro.local","pid":16822,"level":20,"msg":"Processed: \u001b[35m_config.yml\u001b[39m","time":"2019-05-21T01:25:10.250Z","v":0}
{"name":"hexo","hostname":"CYKJdeMacBook-Pro.local","pid":16822,"level":20,"msg":"Processed: \u001b[35msource/css/highlight-dark.styl\u001b[39m","time":"2019-05-21T01:25:10.260Z","v":0}
{"name":"hexo","hostname":"CYKJdeMacBook-Pro.local","pid":16822,"level":20,"msg":"Processed: \u001b[35msource/css/highlight.styl\u001b[39m","time":"2019-05-21T01:25:10.260Z","v":0}
{"name":"hexo","hostname":"CYKJdeMacBook-Pro.local","pid":16822,"level":20,"msg":"Processed: \u001b[35msource/css/style-dark.styl\u001b[39m","time":"2019-05-21T01:25:10.260Z","v":0}
{"name":"hexo","hostname":"CYKJdeMacBook-Pro.local","pid":16822,"level":20,"msg":"Processed: \u001b[35msource/css/style.styl\u001b[39m","time":"2019-05-21T01:25:10.261Z","v":0}
{"name":"hexo","hostname":"CYKJdeMacBook-Pro.local","pid":16822,"level":20,"msg":"Processed: \u001b[35msource/iconfont/iconfont.eot\u001b[39m","time":"2019-05-21T01:25:10.261Z","v":0}
{"name":"hexo","hostname":"CYKJdeMacBook-Pro.local","pid":16822,"level":20,"msg":"Processed: \u001b[35msource/iconfont/iconfont.svg\u001b[39m","time":"2019-05-21T01:25:10.262Z","v":0}
{"name":"hexo","hostname":"CYKJdeMacBook-Pro.local","pid":16822,"level":20,"msg":"Processed: \u001b[35msource/iconfont/iconfont.ttf\u001b[39m","time":"2019-05-21T01:25:10.262Z","v":0}
{"name":"hexo","hostname":"CYKJdeMacBook-Pro.local","pid":16822,"level":20,"msg":"Processed: \u001b[35msource/iconfont/iconfont.woff\u001b[39m","time":"2019-05-21T01:25:10.262Z","v":0}
{"name":"hexo","hostname":"CYKJdeMacBook-Pro.local","pid":16822,"level":20,"msg":"Processed: \u001b[35msource/js/search.json.js\u001b[39m","time":"2019-05-21T01:25:10.263Z","v":0}
{"name":"hexo","hostname":"CYKJdeMacBook-Pro.local","pid":16822,"level":20,"msg":"Processed: \u001b[35msource/js/toctotop.js\u001b[39m","time":"2019-05-21T01:25:10.263Z","v":0}
{"name":"hexo","hostname":"CYKJdeMacBook-Pro.local","pid":16822,"level":20,"msg":"Processed: \u001b[35msource/js/totop.js\u001b[39m","time":"2019-05-21T01:25:10.263Z","v":0}
{"name":"hexo","hostname":"CYKJdeMacBook-Pro.local","pid":16822,"level":20,"msg":"Processed: \u001b[35mlayout/archive.jade\u001b[39m","time":"2019-05-21T01:25:10.925Z","v":0}
{"name":"hexo","hostname":"CYKJdeMacBook-Pro.local","pid":16822,"level":20,"msg":"Processed: \u001b[35mlayout/base.jade\u001b[39m","time":"2019-05-21T01:25:10.926Z","v":0}
{"name":"hexo","hostname":"CYKJdeMacBook-Pro.local","pid":16822,"level":20,"msg":"Processed: \u001b[35mlayout/category.jade\u001b[39m","time":"2019-05-21T01:25:10.926Z","v":0}
{"name":"hexo","hostname":"CYKJdeMacBook-Pro.local","pid":16822,"level":20,"msg":"Processed: \u001b[35mlayout/index.jade\u001b[39m","time":"2019-05-21T01:25:10.926Z","v":0}
{"name":"hexo","hostname":"CYKJdeMacBook-Pro.local","pid":16822,"level":20,"msg":"Processed: \u001b[35mlayout/page.jade\u001b[39m","time":"2019-05-21T01:25:10.926Z","v":0}
{"name":"hexo","hostname":"CYKJdeMacBook-Pro.local","pid":16822,"level":20,"msg":"Processed: \u001b[35mlayout/post.jade\u001b[39m","time":"2019-05-21T01:25:10.926Z","v":0}
{"name":"hexo","hostname":"CYKJdeMacBook-Pro.local","pid":16822,"level":20,"msg":"Processed: \u001b[35mlayout/tag.jade\u001b[39m","time":"2019-05-21T01:25:10.926Z","v":0}
{"name":"hexo","hostname":"CYKJdeMacBook-Pro.local","pid":16822,"level":20,"msg":"Processed: \u001b[35m_posts/haha.md\u001b[39m","time":"2019-05-21T01:25:10.934Z","v":0}
{"name":"hexo","hostname":"CYKJdeMacBook-Pro.local","pid":16822,"level":20,"msg":"Processed: \u001b[35mlanguages/de-DE.yml\u001b[39m","time":"2019-05-21T01:25:10.934Z","v":0}
{"name":"hexo","hostname":"CYKJdeMacBook-Pro.local","pid":16822,"level":20,"msg":"Processed: \u001b[35mlanguages/en.yml\u001b[39m","time":"2019-05-21T01:25:10.934Z","v":0}
{"name":"hexo","hostname":"CYKJdeMacBook-Pro.local","pid":16822,"level":20,"msg":"Processed: \u001b[35mlanguages/es-ES.yml\u001b[39m","time":"2019-05-21T01:25:10.934Z","v":0}
{"name":"hexo","hostname":"CYKJdeMacBook-Pro.local","pid":16822,"level":20,"msg":"Processed: \u001b[35mlanguages/fr-FR.yml\u001b[39m","time":"2019-05-21T01:25:10.935Z","v":0}
{"name":"hexo","hostname":"CYKJdeMacBook-Pro.local","pid":16822,"level":20,"msg":"Processed: \u001b[35mlanguages/ko.yml\u001b[39m","time":"2019-05-21T01:25:10.935Z","v":0}
{"name":"hexo","hostname":"CYKJdeMacBook-Pro.local","pid":16822,"level":20,"msg":"Processed: \u001b[35mlanguages/tr.yml\u001b[39m","time":"2019-05-21T01:25:10.935Z","v":0}
{"name":"hexo","hostname":"CYKJdeMacBook-Pro.local","pid":16822,"level":20,"msg":"Processed: \u001b[35mlanguages/zh-CN.yml\u001b[39m","time":"2019-05-21T01:25:10.935Z","v":0}
{"name":"hexo","hostname":"CYKJdeMacBook-Pro.local","pid":16822,"level":20,"msg":"Processed: \u001b[35mlanguages/zh-TW.yml\u001b[39m","time":"2019-05-21T01:25:10.935Z","v":0}
{"name":"hexo","hostname":"CYKJdeMacBook-Pro.local","pid":16822,"level":20,"msg":"Processed: \u001b[35m_posts/hello-world.md\u001b[39m","time":"2019-05-21T01:25:10.935Z","v":0}
{"name":"hexo","hostname":"CYKJdeMacBook-Pro.local","pid":16822,"level":20,"msg":"Processed: \u001b[35msource/img/bg.jpg\u001b[39m","time":"2019-05-21T01:25:10.936Z","v":0}
{"name":"hexo","hostname":"CYKJdeMacBook-Pro.local","pid":16822,"level":20,"msg":"Processed: \u001b[35msource/img/bg-dark.jpg\u001b[39m","time":"2019-05-21T01:25:10.938Z","v":0}
{"name":"hexo","hostname":"CYKJdeMacBook-Pro.local","pid":16822,"level":20,"msg":"Processed: \u001b[35msource/share/css/share.styl\u001b[39m","time":"2019-05-21T01:25:10.939Z","v":0}
{"name":"hexo","hostname":"CYKJdeMacBook-Pro.local","pid":16822,"level":20,"msg":"Processed: \u001b[35msource/share/fonts/iconfont.eot\u001b[39m","time":"2019-05-21T01:25:10.939Z","v":0}
{"name":"hexo","hostname":"CYKJdeMacBook-Pro.local","pid":16822,"level":20,"msg":"Processed: \u001b[35msource/share/fonts/iconfont.svg\u001b[39m","time":"2019-05-21T01:25:10.940Z","v":0}
{"name":"hexo","hostname":"CYKJdeMacBook-Pro.local","pid":16822,"level":20,"msg":"Processed: \u001b[35msource/share/fonts/iconfont.ttf\u001b[39m","time":"2019-05-21T01:25:10.940Z","v":0}
{"name":"hexo","hostname":"CYKJdeMacBook-Pro.local","pid":16822,"level":20,"msg":"Processed: \u001b[35msource/share/fonts/iconfont.woff\u001b[39m","time":"2019-05-21T01:25:10.940Z","v":0}
{"name":"hexo","hostname":"CYKJdeMacBook-Pro.local","pid":16822,"level":20,"msg":"Processed: \u001b[35msource/share/js/qrcode.js\u001b[39m","time":"2019-05-21T01:25:10.941Z","v":0}
{"name":"hexo","hostname":"CYKJdeMacBook-Pro.local","pid":16822,"level":20,"msg":"Processed: \u001b[35msource/share/js/social-share.js\u001b[39m","time":"2019-05-21T01:25:10.941Z","v":0}
{"name":"hexo","hostname":"CYKJdeMacBook-Pro.local","pid":16822,"level":20,"msg":"Processed: \u001b[35mlayout/_partial/comment_count.jade\u001b[39m","time":"2019-05-21T01:25:11.034Z","v":0}
{"name":"hexo","hostname":"CYKJdeMacBook-Pro.local","pid":16822,"level":20,"msg":"Processed: \u001b[35mlayout/_partial/after_footer.jade\u001b[39m","time":"2019-05-21T01:25:11.034Z","v":0}
{"name":"hexo","hostname":"CYKJdeMacBook-Pro.local","pid":16822,"level":20,"msg":"Processed: \u001b[35mlayout/_partial/comments.jade\u001b[39m","time":"2019-05-21T01:25:11.034Z","v":0}
{"name":"hexo","hostname":"CYKJdeMacBook-Pro.local","pid":16822,"level":20,"msg":"Processed: \u001b[35mlayout/_partial/footer.jade\u001b[39m","time":"2019-05-21T01:25:11.034Z","v":0}
{"name":"hexo","hostname":"CYKJdeMacBook-Pro.local","pid":16822,"level":20,"msg":"Processed: \u001b[35mlayout/_partial/helpers.jade\u001b[39m","time":"2019-05-21T01:25:11.034Z","v":0}
{"name":"hexo","hostname":"CYKJdeMacBook-Pro.local","pid":16822,"level":20,"msg":"Processed: \u001b[35mlayout/_partial/paginator.jade\u001b[39m","time":"2019-05-21T01:25:11.035Z","v":0}
{"name":"hexo","hostname":"CYKJdeMacBook-Pro.local","pid":16822,"level":20,"msg":"Processed: \u001b[35mlayout/_partial/post_nav.jade\u001b[39m","time":"2019-05-21T01:25:11.035Z","v":0}
{"name":"hexo","hostname":"CYKJdeMacBook-Pro.local","pid":16822,"level":20,"msg":"Processed: \u001b[35mlayout/_partial/search.jade\u001b[39m","time":"2019-05-21T01:25:11.035Z","v":0}
{"name":"hexo","hostname":"CYKJdeMacBook-Pro.local","pid":16822,"level":20,"msg":"Processed: \u001b[35mlayout/_partial/share.jade\u001b[39m","time":"2019-05-21T01:25:11.035Z","v":0}
{"name":"hexo","hostname":"CYKJdeMacBook-Pro.local","pid":16822,"level":20,"msg":"Processed: \u001b[35mlayout/_partial/tag.jade\u001b[39m","time":"2019-05-21T01:25:11.035Z","v":0}
{"name":"hexo","hostname":"CYKJdeMacBook-Pro.local","pid":16822,"level":20,"msg":"Processed: \u001b[35mlayout/_partial/totop.jade\u001b[39m","time":"2019-05-21T01:25:11.035Z","v":0}
{"name":"hexo","hostname":"CYKJdeMacBook-Pro.local","pid":16822,"level":20,"msg":"Processed: \u001b[35mlayout/_widget/archive.jade\u001b[39m","time":"2019-05-21T01:25:11.035Z","v":0}
{"name":"hexo","hostname":"CYKJdeMacBook-Pro.local","pid":16822,"level":20,"msg":"Processed: \u001b[35mlayout/_widget/category.jade\u001b[39m","time":"2019-05-21T01:25:11.035Z","v":0}
{"name":"hexo","hostname":"CYKJdeMacBook-Pro.local","pid":16822,"level":20,"msg":"Processed: \u001b[35mlayout/_widget/links.jade\u001b[39m","time":"2019-05-21T01:25:11.035Z","v":0}
{"name":"hexo","hostname":"CYKJdeMacBook-Pro.local","pid":16822,"level":20,"msg":"Processed: \u001b[35mlayout/_widget/recent_comments.jade\u001b[39m","time":"2019-05-21T01:25:11.035Z","v":0}
{"name":"hexo","hostname":"CYKJdeMacBook-Pro.local","pid":16822,"level":20,"msg":"Processed: \u001b[35mlayout/_widget/recent_posts.jade\u001b[39m","time":"2019-05-21T01:25:11.035Z","v":0}
{"name":"hexo","hostname":"CYKJdeMacBook-Pro.local","pid":16822,"level":20,"msg":"Processed: \u001b[35mlayout/_widget/tag.jade\u001b[39m","time":"2019-05-21T01:25:11.035Z","v":0}
{"name":"hexo","hostname":"CYKJdeMacBook-Pro.local","pid":16822,"level":20,"msg":"Processed: \u001b[35mlayout/_widget/weibo.jade\u001b[39m","time":"2019-05-21T01:25:11.036Z","v":0}
{"name":"hexo","hostname":"CYKJdeMacBook-Pro.local","pid":16822,"level":20,"msg":"Processed: \u001b[35m_posts/AA/haha.md\u001b[39m","time":"2019-05-21T01:25:11.038Z","v":0}
{"name":"hexo","hostname":"CYKJdeMacBook-Pro.local","pid":16822,"level":20,"msg":"Processed: \u001b[35mlayout/_partial/comments_js.jade\u001b[39m","time":"2019-05-21T01:25:11.053Z","v":0}
{"name":"hexo","hostname":"CYKJdeMacBook-Pro.local","pid":16822,"level":20,"msg":"Processed: \u001b[35m_posts/关于启用在电脑端钉钉系统提交工作周报的通知-NO.2019004.pdf\u001b[39m","time":"2019-05-21T01:25:11.055Z","v":0}
{"name":"hexo","hostname":"CYKJdeMacBook-Pro.local","pid":16822,"level":20,"msg":"Generator: \u001b[35mpage\u001b[39m","time":"2019-05-21T01:25:11.230Z","v":0}
{"name":"hexo","hostname":"CYKJdeMacBook-Pro.local","pid":16822,"level":20,"msg":"Generator: \u001b[35mpost\u001b[39m","time":"2019-05-21T01:25:11.230Z","v":0}
{"name":"hexo","hostname":"CYKJdeMacBook-Pro.local","pid":16822,"level":20,"msg":"Generator: \u001b[35marchive\u001b[39m","time":"2019-05-21T01:25:11.230Z","v":0}
{"name":"hexo","hostname":"CYKJdeMacBook-Pro.local","pid":16822,"level":20,"msg":"Generator: \u001b[35mcategory\u001b[39m","time":"2019-05-21T01:25:11.231Z","v":0}
{"name":"hexo","hostname":"CYKJdeMacBook-Pro.local","pid":16822,"level":20,"msg":"Generator: \u001b[35mindex\u001b[39m","time":"2019-05-21T01:25:11.231Z","v":0}
{"name":"hexo","hostname":"CYKJdeMacBook-Pro.local","pid":16822,"level":20,"msg":"Generator: \u001b[35mtag\u001b[39m","time":"2019-05-21T01:25:11.231Z","v":0}
{"name":"hexo","hostname":"CYKJdeMacBook-Pro.local","pid":16822,"level":20,"msg":"Generator: \u001b[35masset\u001b[39m","time":"2019-05-21T01:25:11.231Z","v":0}
{"name":"hexo","hostname":"CYKJdeMacBook-Pro.local","pid":16822,"level":30,"msg":"Hexo is running at \u001b[4mhttp://localhost:4000\u001b[24m . Press Ctrl+C to stop.","time":"2019-05-21T01:25:11.235Z","v":0}
{"name":"hexo","hostname":"CYKJdeMacBook-Pro.local","pid":16822,"level":20,"msg":"Database saved","time":"2019-05-21T01:25:11.237Z","v":0}
{"name":"hexo","hostname":"CYKJdeMacBook-Pro.local","pid":16822,"level":20,"msg":"Rendering index: \u001b[35mindex.html\u001b[39m","time":"2019-05-21T01:25:23.769Z","v":0}
{"name":"hexo","hostname":"CYKJdeMacBook-Pro.local","pid":16822,"level":20,"msg":"Theme config loaded.","time":"2019-05-21T01:27:22.744Z","v":0}
{"name":"hexo","hostname":"CYKJdeMacBook-Pro.local","pid":16822,"level":20,"msg":"Processed: \u001b[35m_config.yml\u001b[39m","time":"2019-05-21T01:27:22.745Z","v":0}
{"name":"hexo","hostname":"CYKJdeMacBook-Pro.local","pid":16822,"level":20,"msg":"Generator: \u001b[35mpage\u001b[39m","time":"2019-05-21T01:27:22.854Z","v":0}
{"name":"hexo","hostname":"CYKJdeMacBook-Pro.local","pid":16822,"level":20,"msg":"Generator: \u001b[35mpost\u001b[39m","time":"2019-05-21T01:27:22.854Z","v":0}
{"name":"hexo","hostname":"CYKJdeMacBook-Pro.local","pid":16822,"level":20,"msg":"Generator: \u001b[35marchive\u001b[39m","time":"2019-05-21T01:27:22.855Z","v":0}
{"name":"hexo","hostname":"CYKJdeMacBook-Pro.local","pid":16822,"level":20,"msg":"Generator: \u001b[35mcategory\u001b[39m","time":"2019-05-21T01:27:22.855Z","v":0}
{"name":"hexo","hostname":"CYKJdeMacBook-Pro.local","pid":16822,"level":20,"msg":"Generator: \u001b[35mindex\u001b[39m","time":"2019-05-21T01:27:22.855Z","v":0}
{"name":"hexo","hostname":"CYKJdeMacBook-Pro.local","pid":16822,"level":20,"msg":"Generator: \u001b[35mtag\u001b[39m","time":"2019-05-21T01:27:22.855Z","v":0}
{"name":"hexo","hostname":"CYKJdeMacBook-Pro.local","pid":16822,"level":20,"msg":"Generator: \u001b[35masset\u001b[39m","time":"2019-05-21T01:27:22.856Z","v":0}
{"name":"hexo","hostname":"CYKJdeMacBook-Pro.local","pid":16822,"level":20,"msg":"Theme config loaded.","time":"2019-05-21T01:29:25.670Z","v":0}
{"name":"hexo","hostname":"CYKJdeMacBook-Pro.local","pid":16822,"level":20,"msg":"Processed: \u001b[35m_config.yml\u001b[39m","time":"2019-05-21T01:29:25.671Z","v":0}
{"name":"hexo","hostname":"CYKJdeMacBook-Pro.local","pid":16822,"level":20,"msg":"Generator: \u001b[35mpage\u001b[39m","time":"2019-05-21T01:29:25.783Z","v":0}
{"name":"hexo","hostname":"CYKJdeMacBook-Pro.local","pid":16822,"level":20,"msg":"Generator: \u001b[35mpost\u001b[39m","time":"2019-05-21T01:29:25.783Z","v":0}
{"name":"hexo","hostname":"CYKJdeMacBook-Pro.local","pid":16822,"level":20,"msg":"Generator: \u001b[35marchive\u001b[39m","time":"2019-05-21T01:29:25.783Z","v":0}
{"name":"hexo","hostname":"CYKJdeMacBook-Pro.local","pid":16822,"level":20,"msg":"Generator: \u001b[35mcategory\u001b[39m","time":"2019-05-21T01:29:25.783Z","v":0}
{"name":"hexo","hostname":"CYKJdeMacBook-Pro.local","pid":16822,"level":20,"msg":"Generator: \u001b[35mindex\u001b[39m","time":"2019-05-21T01:29:25.783Z","v":0}
{"name":"hexo","hostname":"CYKJdeMacBook-Pro.local","pid":16822,"level":20,"msg":"Generator: \u001b[35mtag\u001b[39m","time":"2019-05-21T01:29:25.783Z","v":0}
{"name":"hexo","hostname":"CYKJdeMacBook-Pro.local","pid":16822,"level":20,"msg":"Generator: \u001b[35masset\u001b[39m","time":"2019-05-21T01:29:25.784Z","v":0}
{"name":"hexo","hostname":"CYKJdeMacBook-Pro.local","pid":16822,"level":20,"msg":"Theme config loaded.","time":"2019-05-21T01:29:25.794Z","v":0}
{"name":"hexo","hostname":"CYKJdeMacBook-Pro.local","pid":16822,"level":20,"msg":"Processed: \u001b[35m_config.yml\u001b[39m","time":"2019-05-21T01:29:25.794Z","v":0}
{"name":"hexo","hostname":"CYKJdeMacBook-Pro.local","pid":16822,"level":20,"msg":"Generator: \u001b[35mpage\u001b[39m","time":"2019-05-21T01:29:25.908Z","v":0}
{"name":"hexo","hostname":"CYKJdeMacBook-Pro.local","pid":16822,"level":20,"msg":"Generator: \u001b[35mpost\u001b[39m","time":"2019-05-21T01:29:25.908Z","v":0}
{"name":"hexo","hostname":"CYKJdeMacBook-Pro.local","pid":16822,"level":20,"msg":"Generator: \u001b[35marchive\u001b[39m","time":"2019-05-21T01:29:25.908Z","v":0}
{"name":"hexo","hostname":"CYKJdeMacBook-Pro.local","pid":16822,"level":20,"msg":"Generator: \u001b[35mcategory\u001b[39m","time":"2019-05-21T01:29:25.909Z","v":0}
{"name":"hexo","hostname":"CYKJdeMacBook-Pro.local","pid":16822,"level":20,"msg":"Generator: \u001b[35mindex\u001b[39m","time":"2019-05-21T01:29:25.909Z","v":0}
{"name":"hexo","hostname":"CYKJdeMacBook-Pro.local","pid":16822,"level":20,"msg":"Generator: \u001b[35mtag\u001b[39m","time":"2019-05-21T01:29:25.909Z","v":0}
{"name":"hexo","hostname":"CYKJdeMacBook-Pro.local","pid":16822,"level":20,"msg":"Generator: \u001b[35masset\u001b[39m","time":"2019-05-21T01:29:25.910Z","v":0}
{"name":"hexo","hostname":"CYKJdeMacBook-Pro.local","pid":16822,"level":20,"msg":"Theme config loaded.","time":"2019-05-21T01:30:06.810Z","v":0}
{"name":"hexo","hostname":"CYKJdeMacBook-Pro.local","pid":16822,"level":20,"msg":"Processed: \u001b[35m_config.yml\u001b[39m","time":"2019-05-21T01:30:06.811Z","v":0}
{"name":"hexo","hostname":"CYKJdeMacBook-Pro.local","pid":16822,"level":20,"msg":"Generator: \u001b[35mpage\u001b[39m","time":"2019-05-21T01:30:06.922Z","v":0}
{"name":"hexo","hostname":"CYKJdeMacBook-Pro.local","pid":16822,"level":20,"msg":"Generator: \u001b[35mpost\u001b[39m","time":"2019-05-21T01:30:06.922Z","v":0}
{"name":"hexo","hostname":"CYKJdeMacBook-Pro.local","pid":16822,"level":20,"msg":"Generator: \u001b[35marchive\u001b[39m","time":"2019-05-21T01:30:06.922Z","v":0}
{"name":"hexo","hostname":"CYKJdeMacBook-Pro.local","pid":16822,"level":20,"msg":"Generator: \u001b[35mcategory\u001b[39m","time":"2019-05-21T01:30:06.922Z","v":0}
{"name":"hexo","hostname":"CYKJdeMacBook-Pro.local","pid":16822,"level":20,"msg":"Generator: \u001b[35mindex\u001b[39m","time":"2019-05-21T01:30:06.922Z","v":0}
{"name":"hexo","hostname":"CYKJdeMacBook-Pro.local","pid":16822,"level":20,"msg":"Generator: \u001b[35mtag\u001b[39m","time":"2019-05-21T01:30:06.922Z","v":0}
{"name":"hexo","hostname":"CYKJdeMacBook-Pro.local","pid":16822,"level":20,"msg":"Generator: \u001b[35masset\u001b[39m","time":"2019-05-21T01:30:06.923Z","v":0}
{"name":"hexo","hostname":"CYKJdeMacBook-Pro.local","pid":16822,"level":20,"msg":"Theme config loaded.","time":"2019-05-21T01:30:07.110Z","v":0}
{"name":"hexo","hostname":"CYKJdeMacBook-Pro.local","pid":16822,"level":20,"msg":"Processed: \u001b[35m_config.yml\u001b[39m","time":"2019-05-21T01:30:07.110Z","v":0}
{"name":"hexo","hostname":"CYKJdeMacBook-Pro.local","pid":16822,"level":20,"msg":"Generator: \u001b[35mpage\u001b[39m","time":"2019-05-21T01:30:07.218Z","v":0}
{"name":"hexo","hostname":"CYKJdeMacBook-Pro.local","pid":16822,"level":20,"msg":"Generator: \u001b[35mpost\u001b[39m","time":"2019-05-21T01:30:07.218Z","v":0}
{"name":"hexo","hostname":"CYKJdeMacBook-Pro.local","pid":16822,"level":20,"msg":"Generator: \u001b[35marchive\u001b[39m","time":"2019-05-21T01:30:07.219Z","v":0}
{"name":"hexo","hostname":"CYKJdeMacBook-Pro.local","pid":16822,"level":20,"msg":"Generator: \u001b[35mcategory\u001b[39m","time":"2019-05-21T01:30:07.219Z","v":0}
{"name":"hexo","hostname":"CYKJdeMacBook-Pro.local","pid":16822,"level":20,"msg":"Generator: \u001b[35mindex\u001b[39m","time":"2019-05-21T01:30:07.219Z","v":0}
{"name":"hexo","hostname":"CYKJdeMacBook-Pro.local","pid":16822,"level":20,"msg":"Generator: \u001b[35mtag\u001b[39m","time":"2019-05-21T01:30:07.219Z","v":0}
{"name":"hexo","hostname":"CYKJdeMacBook-Pro.local","pid":16822,"level":20,"msg":"Generator: \u001b[35masset\u001b[39m","time":"2019-05-21T01:30:07.220Z","v":0}
{"name":"hexo","hostname":"CYKJdeMacBook-Pro.local","pid":16822,"level":20,"msg":"Theme config loaded.","time":"2019-05-21T01:30:07.248Z","v":0}
{"name":"hexo","hostname":"CYKJdeMacBook-Pro.local","pid":16822,"level":20,"msg":"Processed: \u001b[35m_config.yml\u001b[39m","time":"2019-05-21T01:30:07.248Z","v":0}
{"name":"hexo","hostname":"CYKJdeMacBook-Pro.local","pid":16822,"level":20,"msg":"Generator: \u001b[35mpage\u001b[39m","time":"2019-05-21T01:30:07.355Z","v":0}
{"name":"hexo","hostname":"CYKJdeMacBook-Pro.local","pid":16822,"level":20,"msg":"Generator: \u001b[35mpost\u001b[39m","time":"2019-05-21T01:30:07.355Z","v":0}
{"name":"hexo","hostname":"CYKJdeMacBook-Pro.local","pid":16822,"level":20,"msg":"Generator: \u001b[35marchive\u001b[39m","time":"2019-05-21T01:30:07.355Z","v":0}
{"name":"hexo","hostname":"CYKJdeMacBook-Pro.local","pid":16822,"level":20,"msg":"Generator: \u001b[35mcategory\u001b[39m","time":"2019-05-21T01:30:07.356Z","v":0}
{"name":"hexo","hostname":"CYKJdeMacBook-Pro.local","pid":16822,"level":20,"msg":"Generator: \u001b[35mindex\u001b[39m","time":"2019-05-21T01:30:07.356Z","v":0}
{"name":"hexo","hostname":"CYKJdeMacBook-Pro.local","pid":16822,"level":20,"msg":"Generator: \u001b[35mtag\u001b[39m","time":"2019-05-21T01:30:07.356Z","v":0}
{"name":"hexo","hostname":"CYKJdeMacBook-Pro.local","pid":16822,"level":20,"msg":"Generator: \u001b[35masset\u001b[39m","time":"2019-05-21T01:30:07.357Z","v":0}
{"name":"hexo","hostname":"CYKJdeMacBook-Pro.local","pid":16822,"level":20,"msg":"Theme config loaded.","time":"2019-05-21T01:30:07.573Z","v":0}
{"name":"hexo","hostname":"CYKJdeMacBook-Pro.local","pid":16822,"level":20,"msg":"Processed: \u001b[35m_config.yml\u001b[39m","time":"2019-05-21T01:30:07.573Z","v":0}
{"name":"hexo","hostname":"CYKJdeMacBook-Pro.local","pid":16822,"level":20,"msg":"Generator: \u001b[35mpage\u001b[39m","time":"2019-05-21T01:30:07.683Z","v":0}
{"name":"hexo","hostname":"CYKJdeMacBook-Pro.local","pid":16822,"level":20,"msg":"Generator: \u001b[35mpost\u001b[39m","time":"2019-05-21T01:30:07.683Z","v":0}
{"name":"hexo","hostname":"CYKJdeMacBook-Pro.local","pid":16822,"level":20,"msg":"Generator: \u001b[35marchive\u001b[39m","time":"2019-05-21T01:30:07.683Z","v":0}
{"name":"hexo","hostname":"CYKJdeMacBook-Pro.local","pid":16822,"level":20,"msg":"Generator: \u001b[35mcategory\u001b[39m","time":"2019-05-21T01:30:07.683Z","v":0}
{"name":"hexo","hostname":"CYKJdeMacBook-Pro.local","pid":16822,"level":20,"msg":"Generator: \u001b[35mindex\u001b[39m","time":"2019-05-21T01:30:07.683Z","v":0}
{"name":"hexo","hostname":"CYKJdeMacBook-Pro.local","pid":16822,"level":20,"msg":"Generator: \u001b[35mtag\u001b[39m","time":"2019-05-21T01:30:07.684Z","v":0}
{"name":"hexo","hostname":"CYKJdeMacBook-Pro.local","pid":16822,"level":20,"msg":"Generator: \u001b[35masset\u001b[39m","time":"2019-05-21T01:30:07.685Z","v":0}
{"name":"hexo","hostname":"CYKJdeMacBook-Pro.local","pid":16822,"level":20,"msg":"Theme config loaded.","time":"2019-05-21T01:30:08.407Z","v":0}
{"name":"hexo","hostname":"CYKJdeMacBook-Pro.local","pid":16822,"level":20,"msg":"Processed: \u001b[35m_config.yml\u001b[39m","time":"2019-05-21T01:30:08.408Z","v":0}
{"name":"hexo","hostname":"CYKJdeMacBook-Pro.local","pid":16822,"level":20,"msg":"Generator: \u001b[35mpage\u001b[39m","time":"2019-05-21T01:30:08.517Z","v":0}
{"name":"hexo","hostname":"CYKJdeMacBook-Pro.local","pid":16822,"level":20,"msg":"Generator: \u001b[35mpost\u001b[39m","time":"2019-05-21T01:30:08.518Z","v":0}
{"name":"hexo","hostname":"CYKJdeMacBook-Pro.local","pid":16822,"level":20,"msg":"Generator: \u001b[35marchive\u001b[39m","time":"2019-05-21T01:30:08.518Z","v":0}
{"name":"hexo","hostname":"CYKJdeMacBook-Pro.local","pid":16822,"level":20,"msg":"Generator: \u001b[35mcategory\u001b[39m","time":"2019-05-21T01:30:08.518Z","v":0}
{"name":"hexo","hostname":"CYKJdeMacBook-Pro.local","pid":16822,"level":20,"msg":"Generator: \u001b[35mindex\u001b[39m","time":"2019-05-21T01:30:08.518Z","v":0}
{"name":"hexo","hostname":"CYKJdeMacBook-Pro.local","pid":16822,"level":20,"msg":"Generator: \u001b[35mtag\u001b[39m","time":"2019-05-21T01:30:08.518Z","v":0}
{"name":"hexo","hostname":"CYKJdeMacBook-Pro.local","pid":16822,"level":20,"msg":"Generator: \u001b[35masset\u001b[39m","time":"2019-05-21T01:30:08.518Z","v":0}
{"name":"hexo","hostname":"CYKJdeMacBook-Pro.local","pid":16822,"level":20,"msg":"Theme config loaded.","time":"2019-05-21T01:30:09.892Z","v":0}
{"name":"hexo","hostname":"CYKJdeMacBook-Pro.local","pid":16822,"level":20,"msg":"Processed: \u001b[35m_config.yml\u001b[39m","time":"2019-05-21T01:30:09.892Z","v":0}
{"name":"hexo","hostname":"CYKJdeMacBook-Pro.local","pid":16822,"level":20,"msg":"Generator: \u001b[35mpage\u001b[39m","time":"2019-05-21T01:30:10.001Z","v":0}
{"name":"hexo","hostname":"CYKJdeMacBook-Pro.local","pid":16822,"level":20,"msg":"Generator: \u001b[35mpost\u001b[39m","time":"2019-05-21T01:30:10.001Z","v":0}
{"name":"hexo","hostname":"CYKJdeMacBook-Pro.local","pid":16822,"level":20,"msg":"Generator: \u001b[35marchive\u001b[39m","time":"2019-05-21T01:30:10.001Z","v":0}
{"name":"hexo","hostname":"CYKJdeMacBook-Pro.local","pid":16822,"level":20,"msg":"Generator: \u001b[35mcategory\u001b[39m","time":"2019-05-21T01:30:10.001Z","v":0}
{"name":"hexo","hostname":"CYKJdeMacBook-Pro.local","pid":16822,"level":20,"msg":"Generator: \u001b[35mindex\u001b[39m","time":"2019-05-21T01:30:10.001Z","v":0}
{"name":"hexo","hostname":"CYKJdeMacBook-Pro.local","pid":16822,"level":20,"msg":"Generator: \u001b[35mtag\u001b[39m","time":"2019-05-21T01:30:10.001Z","v":0}
{"name":"hexo","hostname":"CYKJdeMacBook-Pro.local","pid":16822,"level":20,"msg":"Generator: \u001b[35masset\u001b[39m","time":"2019-05-21T01:30:10.002Z","v":0}
{"name":"hexo","hostname":"CYKJdeMacBook-Pro.local","pid":16822,"level":20,"msg":"Theme config loaded.","time":"2019-05-21T01:30:20.744Z","v":0}
{"name":"hexo","hostname":"CYKJdeMacBook-Pro.local","pid":16822,"level":20,"msg":"Processed: \u001b[35m_config.yml\u001b[39m","time":"2019-05-21T01:30:20.745Z","v":0}
{"name":"hexo","hostname":"CYKJdeMacBook-Pro.local","pid":16822,"level":20,"msg":"Generator: \u001b[35mpage\u001b[39m","time":"2019-05-21T01:30:20.854Z","v":0}
{"name":"hexo","hostname":"CYKJdeMacBook-Pro.local","pid":16822,"level":20,"msg":"Generator: \u001b[35mpost\u001b[39m","time":"2019-05-21T01:30:20.854Z","v":0}
{"name":"hexo","hostname":"CYKJdeMacBook-Pro.local","pid":16822,"level":20,"msg":"Generator: \u001b[35marchive\u001b[39m","time":"2019-05-21T01:30:20.854Z","v":0}
{"name":"hexo","hostname":"CYKJdeMacBook-Pro.local","pid":16822,"level":20,"msg":"Generator: \u001b[35mcategory\u001b[39m","time":"2019-05-21T01:30:20.854Z","v":0}
{"name":"hexo","hostname":"CYKJdeMacBook-Pro.local","pid":16822,"level":20,"msg":"Generator: \u001b[35mindex\u001b[39m","time":"2019-05-21T01:30:20.855Z","v":0}
{"name":"hexo","hostname":"CYKJdeMacBook-Pro.local","pid":16822,"level":20,"msg":"Generator: \u001b[35mtag\u001b[39m","time":"2019-05-21T01:30:20.855Z","v":0}
{"name":"hexo","hostname":"CYKJdeMacBook-Pro.local","pid":16822,"level":20,"msg":"Generator: \u001b[35masset\u001b[39m","time":"2019-05-21T01:30:20.855Z","v":0}
{"name":"hexo","hostname":"CYKJdeMacBook-Pro.local","pid":16822,"level":30,"msg":"Bye!","time":"2019-05-21T01:30:56.842Z","v":0}
{"name":"hexo","hostname":"CYKJdeMacBook-Pro.local","pid":16822,"level":20,"msg":"Database saved","time":"2019-05-21T01:30:56.849Z","v":0}
